<?xml version="1.0" encoding="UTF-8"?>
<!-- Generated by org.testng.reporters.JUnitXMLReporter -->
<testsuite hostname="DESKTOP-C4DB2QQ" ignored="4" name="Surefire test" tests="4" failures="0" timestamp="16 Apr 2023 04:43:05 GMT" time="0.044" errors="0">
  <testcase name="test3" time="0.026" classname="testcases.CalLoanTest"/>
  <testcase name="test4" time="0.0" classname="testcases.CreditCardTest"/>
  <testcase name="test2" time="0.0" classname="testcases.HomeLoanTest"/>
  <testcase name="test1" time="0.0" classname="testcases.HomeLoanTest"/>
  <testcase name="@BeforeTest Metho4" time="0.0" classname="testcases.BaseClass">
    <ignored/>
  </testcase> <!-- @BeforeTest Metho4 -->
  <testcase name="@BeforeTest Metho4" time="0.0" classname="testcases.BaseClass">
    <ignored/>
  </testcase> <!-- @BeforeTest Metho4 -->
  <testcase name="@AfterTest Metho5" time="0.0" classname="testcases.BaseClass">
    <ignored/>
  </testcase> <!-- @AfterTest Metho5 -->
  <testcase name="@AfterTest Metho5" time="0.0" classname="testcases.BaseClass">
    <ignored/>
  </testcase> <!-- @AfterTest Metho5 -->
</testsuite> <!-- Surefire test -->
