<?xml version="1.0" encoding="UTF-8"?>
<!-- Generated by org.testng.reporters.JUnitXMLReporter -->
<testsuite ignored="4" hostname="DESKTOP-C4DB2QQ" failures="0" tests="4" name="Command line test" time="0.018" errors="0" timestamp="16 Apr 2023 04:39:26 GMT">
  <testcase classname="testcases.CalLoanTest" name="test3" time="0.0"/>
  <testcase classname="testcases.CreditCardTest" name="test4" time="0.0"/>
  <testcase classname="testcases.HomeLoanTest" name="test2" time="0.0"/>
  <testcase classname="testcases.HomeLoanTest" name="test1" time="0.0"/>
  <testcase classname="testcases.BaseClass" name="@BeforeTest Metho4" time="0.0">
    <ignored/>
  </testcase> <!-- @BeforeTest Metho4 -->
  <testcase classname="testcases.BaseClass" name="@BeforeTest Metho4" time="0.0">
    <ignored/>
  </testcase> <!-- @BeforeTest Metho4 -->
  <testcase classname="testcases.BaseClass" name="@AfterTest Metho5" time="0.0">
    <ignored/>
  </testcase> <!-- @AfterTest Metho5 -->
  <testcase classname="testcases.BaseClass" name="@AfterTest Metho5" time="0.0">
    <ignored/>
  </testcase> <!-- @AfterTest Metho5 -->
</testsuite> <!-- Command line test -->
