<?xml version="1.0" encoding="UTF-8"?>
<testsuite xmlns:xsi="http://www.w3.org/2001/XMLSchema-instance" xsi:noNamespaceSchemaLocation="https://maven.apache.org/surefire/maven-surefire-plugin/xsd/surefire-test-report-3.0.xsd" version="3.0" name="TestSuite" time="0.644" tests="2" errors="0" skipped="0" failures="0">
  <properties>
[...]
</properties>
  <testcase name="test2" classname="testcases.HomeLoanTest" time="0.001">
    <system-out><![CDATA[[TestNGContentHandler] [WARN] It is strongly recommended to add "<!DOCTYPE suite SYSTEM "http://testng.org/testng-1.0.dtd" >" at the top of your file, otherwise TestNG may fail or not work as expected.
Insite Home loan After method 1
Insite Home loan method 1
Insite Home loan test 2
]]></system-out>
  </testcase>
  <testcase name="test4" classname="testcases.CreditCardTest" time="0.001">
    <system-out><![CDATA[Insite Home loan After method 1
Insite Home loan method 1
Insite credit card test test 4
]]></system-out>
  </testcase>
</testsuite>