<?xml version="1.0" encoding="UTF-8"?>
<testng-results skipped="0" failed="0" ignored="4" total="6" passed="2">
  <reporter-output>
  </reporter-output>
  <suite name="Sanity" duration-ms="16" started-at="2023-04-16T04:52:04Z" finished-at="2023-04-16T04:52:04Z">
    <groups>
      <group name="regression">
        <method signature="HomeLoanTest.test2()[pri:0, instance:testcases.HomeLoanTest@797badd3]" name="test2" class="testcases.HomeLoanTest"/>
      </group> <!-- regression -->
      <group name="sanity">
        <method signature="CreditCardTest.test4()[pri:0, instance:testcases.CreditCardTest@77be656f]" name="test4" class="testcases.CreditCardTest"/>
        <method signature="HomeLoanTest.test2()[pri:0, instance:testcases.HomeLoanTest@797badd3]" name="test2" class="testcases.HomeLoanTest"/>
      </group> <!-- sanity -->
    </groups>
    <test name="Test" duration-ms="16" started-at="2023-04-16T04:52:04Z" finished-at="2023-04-16T04:52:04Z">
      <class name="testcases.CreditCardTest">
        <test-method status="PASS" signature="method1()[pri:0, instance:testcases.CreditCardTest@77be656f]" name="method1" is-config="true" duration-ms="1" started-at="2023-04-16T04:52:04Z" finished-at="2023-04-16T04:52:04Z">
          <reporter-output>
          </reporter-output>
        </test-method> <!-- method1 -->
        <test-method status="PASS" signature="test4()[pri:0, instance:testcases.CreditCardTest@77be656f]" name="test4" duration-ms="0" started-at="2023-04-16T04:52:04Z" finished-at="2023-04-16T04:52:04Z">
          <reporter-output>
          </reporter-output>
        </test-method> <!-- test4 -->
        <test-method status="PASS" signature="After()[pri:0, instance:testcases.CreditCardTest@77be656f]" name="After" is-config="true" duration-ms="0" started-at="2023-04-16T04:52:04Z" finished-at="2023-04-16T04:52:04Z">
          <reporter-output>
          </reporter-output>
        </test-method> <!-- After -->
      </class> <!-- testcases.CreditCardTest -->
      <class name="testcases.HomeLoanTest">
        <test-method status="PASS" signature="Metho4()[pri:0, instance:testcases.HomeLoanTest@797badd3]" name="Metho4" is-config="true" duration-ms="6" started-at="2023-04-16T04:52:04Z" finished-at="2023-04-16T04:52:04Z">
          <reporter-output>
          </reporter-output>
        </test-method> <!-- Metho4 -->
        <test-method status="PASS" signature="test2()[pri:0, instance:testcases.HomeLoanTest@797badd3]" name="test2" duration-ms="0" started-at="2023-04-16T04:52:04Z" finished-at="2023-04-16T04:52:04Z">
          <reporter-output>
          </reporter-output>
        </test-method> <!-- test2 -->
        <test-method status="PASS" signature="method1()[pri:0, instance:testcases.HomeLoanTest@797badd3]" name="method1" is-config="true" duration-ms="0" started-at="2023-04-16T04:52:04Z" finished-at="2023-04-16T04:52:04Z">
          <reporter-output>
          </reporter-output>
        </test-method> <!-- method1 -->
        <test-method status="PASS" signature="After()[pri:0, instance:testcases.HomeLoanTest@797badd3]" name="After" is-config="true" duration-ms="0" started-at="2023-04-16T04:52:04Z" finished-at="2023-04-16T04:52:04Z">
          <reporter-output>
          </reporter-output>
        </test-method> <!-- After -->
      </class> <!-- testcases.HomeLoanTest -->
    </test> <!-- Test -->
  </suite> <!-- Sanity -->
</testng-results>
