<?xml version="1.0" encoding="UTF-8"?>
<!-- Generated by org.testng.reporters.JUnitXMLReporter -->
<testsuite ignored="4" hostname="DESKTOP-C4DB2QQ" failures="0" tests="2" name="Test" time="0.021" errors="0" timestamp="16 Apr 2023 04:21:47 GMT">
  <testcase classname="testcases.HomeLoanTest" name="test2" time="0.002"/>
  <testcase classname="testcases.CreditCardTest" name="test4" time="0.001"/>
  <testcase classname="testcases.HomeLoanTest" name="test1" time="0.0">
    <ignored/>
  </testcase> <!-- test1 -->
  <testcase classname="testcases.CalLoanTest" name="test3" time="0.0">
    <ignored/>
  </testcase> <!-- test3 -->
  <testcase classname="testcases.BaseClass" name="@BeforeTest Metho4" time="0.0">
    <ignored/>
  </testcase> <!-- @BeforeTest Metho4 -->
  <testcase classname="testcases.BaseClass" name="@BeforeTest Metho4" time="0.0">
    <ignored/>
  </testcase> <!-- @BeforeTest Metho4 -->
</testsuite> <!-- Test -->
