<?xml version="1.0" encoding="UTF-8"?>
<testng-results ignored="4" total="6" passed="2" failed="0" skipped="0">
  <reporter-output>
  </reporter-output>
  <suite started-at="2023-04-16T04:21:47Z" name="Sanity" finished-at="2023-04-16T04:21:47Z" duration-ms="21">
    <groups>
      <group name="regression">
        <method signature="HomeLoanTest.test2()[pri:0, instance:testcases.HomeLoanTest@3370f42]" name="test2" class="testcases.HomeLoanTest"/>
      </group> <!-- regression -->
      <group name="sanity">
        <method signature="CreditCardTest.test4()[pri:0, instance:testcases.CreditCardTest@6057aebb]" name="test4" class="testcases.CreditCardTest"/>
        <method signature="HomeLoanTest.test2()[pri:0, instance:testcases.HomeLoanTest@3370f42]" name="test2" class="testcases.HomeLoanTest"/>
      </group> <!-- sanity -->
    </groups>
    <test started-at="2023-04-16T04:21:47Z" name="Test" finished-at="2023-04-16T04:21:47Z" duration-ms="21">
      <class name="testcases.CreditCardTest">
        <test-method signature="test4()[pri:0, instance:testcases.CreditCardTest@6057aebb]" started-at="2023-04-16T04:21:47Z" name="test4" finished-at="2023-04-16T04:21:47Z" duration-ms="1" status="PASS">
          <reporter-output>
          </reporter-output>
        </test-method> <!-- test4 -->
        <test-method is-config="true" signature="method1()[pri:0, instance:testcases.CreditCardTest@6057aebb]" started-at="2023-04-16T04:21:47Z" name="method1" finished-at="2023-04-16T04:21:47Z" duration-ms="0" status="PASS">
          <reporter-output>
          </reporter-output>
        </test-method> <!-- method1 -->
        <test-method is-config="true" signature="After()[pri:0, instance:testcases.CreditCardTest@6057aebb]" started-at="2023-04-16T04:21:47Z" name="After" finished-at="2023-04-16T04:21:47Z" duration-ms="0" status="PASS">
          <reporter-output>
          </reporter-output>
        </test-method> <!-- After -->
      </class> <!-- testcases.CreditCardTest -->
      <class name="testcases.HomeLoanTest">
        <test-method is-config="true" signature="Metho4()[pri:0, instance:testcases.HomeLoanTest@3370f42]" started-at="2023-04-16T04:21:47Z" name="Metho4" finished-at="2023-04-16T04:21:47Z" duration-ms="6" status="PASS">
          <reporter-output>
          </reporter-output>
        </test-method> <!-- Metho4 -->
        <test-method is-config="true" signature="method1()[pri:0, instance:testcases.HomeLoanTest@3370f42]" started-at="2023-04-16T04:21:47Z" name="method1" finished-at="2023-04-16T04:21:47Z" duration-ms="1" status="PASS">
          <reporter-output>
          </reporter-output>
        </test-method> <!-- method1 -->
        <test-method signature="test2()[pri:0, instance:testcases.HomeLoanTest@3370f42]" started-at="2023-04-16T04:21:47Z" name="test2" finished-at="2023-04-16T04:21:47Z" duration-ms="2" status="PASS">
          <reporter-output>
          </reporter-output>
        </test-method> <!-- test2 -->
        <test-method is-config="true" signature="After()[pri:0, instance:testcases.HomeLoanTest@3370f42]" started-at="2023-04-16T04:21:47Z" name="After" finished-at="2023-04-16T04:21:47Z" duration-ms="0" status="PASS">
          <reporter-output>
          </reporter-output>
        </test-method> <!-- After -->
      </class> <!-- testcases.HomeLoanTest -->
    </test> <!-- Test -->
  </suite> <!-- Sanity -->
</testng-results>
