<?xml version="1.0" encoding="UTF-8"?>
<!-- Generated by org.testng.reporters.JUnitXMLReporter -->
<testsuite hostname="DESKTOP-C4DB2QQ" ignored="4" name="Test" tests="2" failures="0" timestamp="16 Apr 2023 04:52:04 GMT" time="0.016" errors="0">
  <testcase name="test2" time="0.0" classname="testcases.HomeLoanTest"/>
  <testcase name="test4" time="0.0" classname="testcases.CreditCardTest"/>
  <testcase name="test1" time="0.0" classname="testcases.HomeLoanTest">
    <ignored/>
  </testcase> <!-- test1 -->
  <testcase name="test3" time="0.0" classname="testcases.CalLoanTest">
    <ignored/>
  </testcase> <!-- test3 -->
  <testcase name="@BeforeTest Metho4" time="0.0" classname="testcases.BaseClass">
    <ignored/>
  </testcase> <!-- @BeforeTest Metho4 -->
  <testcase name="@BeforeTest Metho4" time="0.0" classname="testcases.BaseClass">
    <ignored/>
  </testcase> <!-- @BeforeTest Metho4 -->
</testsuite> <!-- Test -->
